# JRE version: Java(TM) SE Runtime Environment (24.0.1+9) (build 24.0.1+9-30)
# Java VM: Java HotSpot(TM) 64-Bit Server VM (24.0.1+9-30, mixed mode, emulated-client, sharing, tiered, compressed oops, compressed class ptrs, g1 gc, windows-amd64)
GC Precious Log:
 CardTable entry size: 512
 Card Set container configuration: InlinePtr #cards 5 size 8 Array Of Cards #cards 10 size 36 Howl #buckets 4 coarsen threshold 1843 Howl Bitmap #cards 512 size 80 coarsen threshold 460 Card regions per heap region 1 cards per card region 2048
 CPUs: 8 total, 8 available
 Memory: 7103M
 Large Page Support: Disabled
 NUMA Support: Disabled
 Compressed Oops: Enabled (32-bit)
 Heap Region Size: 1M
 Heap Min Capacity: 8M
 Heap Initial Capacity: 112M
 Heap Max Capacity: 1776M
 Pre-touch: Disabled
 Parallel Workers: 8
 Concurrent Workers: 2
 Concurrent Refinement Workers: 8
 Periodic GC: Disabled
Heap:
 garbage-first heap   total reserved 1818624K, committed 116736K, used 100011K [0x0000000091000000, 0x0000000100000000)
  region size 1024K, 52 young (53248K), 5 survivors (5120K)
 Metaspace       used 83642K, committed 84800K, reserved 1179648K
  class space    used 10637K, committed 11136K, reserved 1048576K
GC Heap History (20 events):
Event: 2479.857 GC heap before
{Heap before GC invocations=606 (full 0):
 garbage-first heap   total reserved 1818624K, committed 116736K, used 103150K [0x0000000091000000, 0x0000000100000000)
  region size 1024K, 55 young (56320K), 4 survivors (4096K)
 Metaspace       used 82632K, committed 83968K, reserved 1179648K
  class space    used 10505K, committed 11008K, reserved 1048576K
}
Event: 2479.864 GC heap after
{Heap after GC invocations=607 (full 0):
 garbage-first heap   total reserved 1818624K, committed 116736K, used 51936K [0x0000000091000000, 0x0000000100000000)
  region size 1024K, 4 young (4096K), 4 survivors (4096K)
 Metaspace       used 82632K, committed 83968K, reserved 1179648K
  class space    used 10505K, committed 11008K, reserved 1048576K
}
Event: 2481.213 GC heap before
{Heap before GC invocations=607 (full 0):
 garbage-first heap   total reserved 1818624K, committed 116736K, used 104160K [0x0000000091000000, 0x0000000100000000)
  region size 1024K, 55 young (56320K), 4 survivors (4096K)
 Metaspace       used 82632K, committed 83968K, reserved 1179648K
  class space    used 10505K, committed 11008K, reserved 1048576K
}
Event: 2481.217 GC heap after
{Heap after GC invocations=608 (full 0):
 garbage-first heap   total reserved 1818624K, committed 116736K, used 50175K [0x0000000091000000, 0x0000000100000000)
  region size 1024K, 3 young (3072K), 3 survivors (3072K)
 Metaspace       used 82632K, committed 83968K, reserved 1179648K
  class space    used 10505K, committed 11008K, reserved 1048576K
}
Event: 2482.794 GC heap before
{Heap before GC invocations=608 (full 0):
 garbage-first heap   total reserved 1818624K, committed 116736K, used 104447K [0x0000000091000000, 0x0000000100000000)
  region size 1024K, 57 young (58368K), 3 survivors (3072K)
 Metaspace       used 82632K, committed 83968K, reserved 1179648K
  class space    used 10505K, committed 11008K, reserved 1048576K
}
Event: 2482.799 GC heap after
{Heap after GC invocations=609 (full 0):
 garbage-first heap   total reserved 1818624K, committed 116736K, used 51317K [0x0000000091000000, 0x0000000100000000)
  region size 1024K, 4 young (4096K), 4 survivors (4096K)
 Metaspace       used 82632K, committed 83968K, reserved 1179648K
  class space    used 10505K, committed 11008K, reserved 1048576K
}
Event: 2483.857 GC heap before
{Heap before GC invocations=610 (full 0):
 garbage-first heap   total reserved 1818624K, committed 116736K, used 104565K [0x0000000091000000, 0x0000000100000000)
  region size 1024K, 56 young (57344K), 4 survivors (4096K)
 Metaspace       used 82632K, committed 83968K, reserved 1179648K
  class space    used 10505K, committed 11008K, reserved 1048576K
}
Event: 2483.865 GC heap after
{Heap after GC invocations=611 (full 0):
 garbage-first heap   total reserved 1818624K, committed 116736K, used 53395K [0x0000000091000000, 0x0000000100000000)
  region size 1024K, 6 young (6144K), 6 survivors (6144K)
 Metaspace       used 82632K, committed 83968K, reserved 1179648K
  class space    used 10505K, committed 11008K, reserved 1048576K
}
Event: 2485.269 GC heap before
{Heap before GC invocations=611 (full 0):
 garbage-first heap   total reserved 1818624K, committed 116736K, used 101523K [0x0000000091000000, 0x0000000100000000)
  region size 1024K, 54 young (55296K), 6 survivors (6144K)
 Metaspace       used 82632K, committed 83968K, reserved 1179648K
  class space    used 10505K, committed 11008K, reserved 1048576K
}
Event: 2485.276 GC heap after
{Heap after GC invocations=612 (full 0):
 garbage-first heap   total reserved 1818624K, committed 116736K, used 51314K [0x0000000091000000, 0x0000000100000000)
  region size 1024K, 3 young (3072K), 3 survivors (3072K)
 Metaspace       used 82632K, committed 83968K, reserved 1179648K
  class space    used 10505K, committed 11008K, reserved 1048576K
}
Event: 2486.523 GC heap before
{Heap before GC invocations=613 (full 0):
 garbage-first heap   total reserved 1818624K, committed 116736K, used 105586K [0x0000000091000000, 0x0000000100000000)
  region size 1024K, 56 young (57344K), 3 survivors (3072K)
 Metaspace       used 82632K, committed 83968K, reserved 1179648K
  class space    used 10505K, committed 11008K, reserved 1048576K
}
Event: 2486.527 GC heap after
{Heap after GC invocations=614 (full 0):
 garbage-first heap   total reserved 1818624K, committed 116736K, used 51809K [0x0000000091000000, 0x0000000100000000)
  region size 1024K, 3 young (3072K), 3 survivors (3072K)
 Metaspace       used 82632K, committed 83968K, reserved 1179648K
  class space    used 10505K, committed 11008K, reserved 1048576K
}
Event: 2488.147 GC heap before
{Heap before GC invocations=614 (full 0):
 garbage-first heap   total reserved 1818624K, committed 116736K, used 105057K [0x0000000091000000, 0x0000000100000000)
  region size 1024K, 56 young (57344K), 3 survivors (3072K)
 Metaspace       used 82632K, committed 83968K, reserved 1179648K
  class space    used 10505K, committed 11008K, reserved 1048576K
}
Event: 2488.151 GC heap after
{Heap after GC invocations=615 (full 0):
 garbage-first heap   total reserved 1818624K, committed 116736K, used 52276K [0x0000000091000000, 0x0000000100000000)
  region size 1024K, 4 young (4096K), 4 survivors (4096K)
 Metaspace       used 82632K, committed 83968K, reserved 1179648K
  class space    used 10505K, committed 11008K, reserved 1048576K
}
Event: 2489.493 GC heap before
{Heap before GC invocations=616 (full 0):
 garbage-first heap   total reserved 1818624K, committed 116736K, used 103476K [0x0000000091000000, 0x0000000100000000)
  region size 1024K, 55 young (56320K), 4 survivors (4096K)
 Metaspace       used 82632K, committed 83968K, reserved 1179648K
  class space    used 10505K, committed 11008K, reserved 1048576K
}
Event: 2489.498 GC heap after
{Heap after GC invocations=617 (full 0):
 garbage-first heap   total reserved 1818624K, committed 116736K, used 53310K [0x0000000091000000, 0x0000000100000000)
  region size 1024K, 5 young (5120K), 5 survivors (5120K)
 Metaspace       used 82632K, committed 83968K, reserved 1179648K
  class space    used 10505K, committed 11008K, reserved 1048576K
}
Event: 2490.502 GC heap before
{Heap before GC invocations=617 (full 0):
 garbage-first heap   total reserved 1818624K, committed 116736K, used 102462K [0x0000000091000000, 0x0000000100000000)
  region size 1024K, 54 young (55296K), 5 survivors (5120K)
 Metaspace       used 82632K, committed 83968K, reserved 1179648K
  class space    used 10505K, committed 11008K, reserved 1048576K
}
Event: 2490.508 GC heap after
{Heap after GC invocations=618 (full 0):
 garbage-first heap   total reserved 1818624K, committed 116736K, used 52992K [0x0000000091000000, 0x0000000100000000)
  region size 1024K, 4 young (4096K), 4 survivors (4096K)
 Metaspace       used 82632K, committed 83968K, reserved 1179648K
  class space    used 10505K, committed 11008K, reserved 1048576K
}
Event: 2494.069 GC heap before
{Heap before GC invocations=618 (full 0):
 garbage-first heap   total reserved 1818624K, committed 116736K, used 105216K [0x0000000091000000, 0x0000000100000000)
  region size 1024K, 55 young (56320K), 4 survivors (4096K)
 Metaspace       used 82653K, committed 83968K, reserved 1179648K
  class space    used 10510K, committed 11008K, reserved 1048576K
}
Event: 2494.075 GC heap after
{Heap after GC invocations=619 (full 0):
 garbage-first heap   total reserved 1818624K, committed 116736K, used 53931K [0x0000000091000000, 0x0000000100000000)
  region size 1024K, 5 young (5120K), 5 survivors (5120K)
 Metaspace       used 82653K, committed 83968K, reserved 1179648K
  class space    used 10510K, committed 11008K, reserved 1048576K
}

